2025-09-20 10:57:00,546 - INFO - Saved json to /Users/ishtiyaq/Major-Project/results/evaluation_metrics.json
2025-09-20 10:57:40,327 - INFO - Metrics: {'auroc': 0.9676812585499316, 'auprc': 0.9420747250167568, 'f1': 0.8852459016393442, 'precision': 1.0, 'recall': 0.7941176470588235, 'confusion_matrix': [[86, 0], [7, 27]]}
2025-09-20 10:57:41,621 - INFO - Metrics: {'auroc': 0.9555403556771545, 'auprc': 0.8839000846192983, 'f1': 0.8695652173913043, 'precision': 0.8571428571428571, 'recall': 0.8823529411764706, 'confusion_matrix': [[81, 5], [4, 30]]}
2025-09-20 10:57:41,666 - INFO - Metrics: {'auroc': 0.807797537619699, 'auprc': 0.5754003684846296, 'f1': 0.6666666666666666, 'precision': 0.574468085106383, 'recall': 0.7941176470588235, 'confusion_matrix': [[66, 20], [7, 27]]}
2025-09-20 10:57:43,714 - INFO - Saved json to /Users/ishtiyaq/Major-Project/results/evaluation_metrics.json
2025-09-20 10:58:14,082 - INFO - Sampled 1 subjects (20.00%) -> rows: 96
2025-09-20 11:00:52,297 - INFO - Saved json to /Users/ishtiyaq/Major-Project/data/features/feature_metadata.json
2025-09-20 11:01:12,342 - INFO - Saved json to /Users/ishtiyaq/Major-Project/results/evaluation_metrics.json
2025-09-20 11:01:55,134 - INFO - Saved json to /Users/ishtiyaq/Major-Project/results/explainability/rf_model_importance.json
2025-09-20 11:01:55,896 - INFO - Saved json to /Users/ishtiyaq/Major-Project/results/explainability/xgb_model_importance.json
2025-09-20 11:01:56,432 - INFO - Saved json to /Users/ishtiyaq/Major-Project/results/explainability/lr_model_coefficients.json
2025-09-20 11:02:02,379 - INFO - Metrics: {'auroc': 0.9673392612859097, 'auprc': 0.9413455189005189, 'f1': 0.8852459016393442, 'precision': 1.0, 'recall': 0.7941176470588235, 'confusion_matrix': [[86, 0], [7, 27]]}
2025-09-20 11:02:02,536 - INFO - Metrics: {'auroc': 0.9702462380300957, 'auprc': 0.9620735527474413, 'f1': 0.8955223880597014, 'precision': 0.9090909090909091, 'recall': 0.8823529411764706, 'confusion_matrix': [[83, 3], [4, 30]]}
2025-09-20 11:02:02,580 - INFO - Metrics: {'auroc': 0.8149794801641587, 'auprc': 0.5950060518886386, 'f1': 0.6666666666666666, 'precision': 0.574468085106383, 'recall': 0.7941176470588235, 'confusion_matrix': [[66, 20], [7, 27]]}
2025-09-20 11:02:04,613 - INFO - Saved json to /Users/ishtiyaq/Major-Project/results/evaluation_metrics.json
2025-09-21 08:50:57,770 - INFO - Saved json to /Users/ishtiyaq/Major-Project/results/evaluation_results.json
2025-09-21 09:03:46,639 - INFO - Saved json to /Users/ishtiyaq/Major-Project/results/explainability/rf_model_importance.json
2025-09-21 09:05:01,168 - INFO - Saved json to /Users/ishtiyaq/Major-Project/results/explainability/rf_model_importance.json
2025-09-21 09:06:01,844 - INFO - Saved json to /Users/ishtiyaq/Major-Project/results/explainability/rf_model_importance.json
2025-09-21 09:07:57,587 - INFO - Saved json to /Users/ishtiyaq/Major-Project/results/explainability/rf_model_importance.json
2025-09-21 09:09:10,673 - INFO - Saved json to /Users/ishtiyaq/Major-Project/results/explainability/rf_model_importance.json
2025-09-21 09:10:25,343 - INFO - Saved json to /Users/ishtiyaq/Major-Project/results/explainability/rf_model_importance.json
2025-09-21 09:11:24,060 - INFO - Saved json to /Users/ishtiyaq/Major-Project/results/explainability/rf_model_importance.json
2025-09-21 09:15:48,152 - INFO - Saved json to /Users/ishtiyaq/Major-Project/results/explainability/rf_model_importance.json
